12:28:05 **** Incremental Build of configuration Debug for project SkipList ****
make all 
Building file: ../SkipList.cpp
Invoking: GCC C++ Compiler
g++ -O0 -g3 -Wall -c -fmessage-length=0 -MMD -MP -MF"SkipList.d" -MT"SkipList.d" -o "SkipList.o" "../SkipList.cpp"
In file included from ../SkipList.cpp:8:0:
../SkipList.h:22:2: error: ‘ListNode’ does not name a type
../SkipList.cpp: In constructor ‘SkipList::SkipList()’:
../SkipList.cpp:13:5: error: class ‘SkipList’ does not have any field named ‘head’
../SkipList.cpp: In member function ‘bool SkipList::contains()’:
../SkipList.cpp:29:1: warning: no return statement in function returning non-void [-Wreturn-type]
../SkipList.cpp: In member function ‘bool SkipList::remove()’:
../SkipList.cpp:33:1: warning: no return statement in function returning non-void [-Wreturn-type]
make: *** [SkipList.o] Error 1
12:29:47 **** Incremental Build of configuration Debug for project SkipList ****
make all 
Building file: ../SkipList.cpp
Invoking: GCC C++ Compiler
g++ -O0 -g3 -Wall -c -fmessage-length=0 -MMD -MP -MF"SkipList.d" -MT"SkipList.d" -o "SkipList.o" "../SkipList.cpp"
../SkipList.cpp: In member function ‘bool SkipList::contains()’:
../SkipList.cpp:29:1: warning: no return statement in function returning non-void [-Wreturn-type]
../SkipList.cpp: In member function ‘bool SkipList::remove()’:
../SkipList.cpp:33:1: warning: no return statement in function returning non-void [-Wreturn-type]
Finished building: ../SkipList.cpp
 
Building target: SkipList
Invoking: GCC C++ Linker
g++  -o "SkipList"  ./ListNode.o ./SkipList.o ./main.o   
Finished building target: SkipList
 
12:32:32 **** Incremental Build of configuration Debug for project SkipList ****
make all 
Building file: ../ListNode.cpp
Invoking: GCC C++ Compiler
g++ -O0 -g3 -Wall -c -fmessage-length=0 -MMD -MP -MF"ListNode.d" -MT"ListNode.d" -o "ListNode.o" "../ListNode.cpp"
../ListNode.cpp: In constructor ‘ListNode::ListNode(double, ListNode*)’:
../ListNode.cpp:11:5: error: class ‘ListNode’ does not have any field named ‘m_data’
make: *** [ListNode.o] Error 1
12:32:38 **** Incremental Build of configuration Debug for project SkipList ****
make all 
Building file: ../ListNode.cpp
Invoking: GCC C++ Compiler
g++ -O0 -g3 -Wall -c -fmessage-length=0 -MMD -MP -MF"ListNode.d" -MT"ListNode.d" -o "ListNode.o" "../ListNode.cpp"
Finished building: ../ListNode.cpp
 
Building file: ../SkipList.cpp
Invoking: GCC C++ Compiler
g++ -O0 -g3 -Wall -c -fmessage-length=0 -MMD -MP -MF"SkipList.d" -MT"SkipList.d" -o "SkipList.o" "../SkipList.cpp"
../SkipList.cpp: In member function ‘bool SkipList::contains()’:
../SkipList.cpp:34:1: warning: no return statement in function returning non-void [-Wreturn-type]
../SkipList.cpp: In member function ‘bool SkipList::remove()’:
../SkipList.cpp:38:1: warning: no return statement in function returning non-void [-Wreturn-type]
Finished building: ../SkipList.cpp
 
Building target: SkipList
Invoking: GCC C++ Linker
g++  -o "SkipList"  ./ListNode.o ./SkipList.o ./main.o   
Finished building target: SkipList
 
12:47:25 **** Incremental Build of configuration Debug for project SkipList ****
make all 
Building file: ../ListNode.cpp
Invoking: GCC C++ Compiler
g++ -O0 -g3 -Wall -c -fmessage-length=0 -MMD -MP -MF"ListNode.d" -MT"ListNode.d" -o "ListNode.o" "../ListNode.cpp"
Finished building: ../ListNode.cpp
 
Building file: ../SkipList.cpp
Invoking: GCC C++ Compiler
g++ -O0 -g3 -Wall -c -fmessage-length=0 -MMD -MP -MF"SkipList.d" -MT"SkipList.d" -o "SkipList.o" "../SkipList.cpp"
../SkipList.cpp: In member function ‘bool SkipList::remove()’:
../SkipList.cpp:54:1: warning: no return statement in function returning non-void [-Wreturn-type]
Finished building: ../SkipList.cpp
 
Building target: SkipList
Invoking: GCC C++ Linker
g++  -o "SkipList"  ./ListNode.o ./SkipList.o ./main.o   
Finished building target: SkipList
 
12:48:09 **** Incremental Build of configuration Debug for project SkipList ****
make all 
Building file: ../SkipList.cpp
Invoking: GCC C++ Compiler
g++ -O0 -g3 -Wall -c -fmessage-length=0 -MMD -MP -MF"SkipList.d" -MT"SkipList.d" -o "SkipList.o" "../SkipList.cpp"
../SkipList.cpp: In member function ‘bool SkipList::remove()’:
../SkipList.cpp:52:1: warning: no return statement in function returning non-void [-Wreturn-type]
Finished building: ../SkipList.cpp
 
Building target: SkipList
Invoking: GCC C++ Linker
g++  -o "SkipList"  ./ListNode.o ./SkipList.o ./main.o   
Finished building target: SkipList
 
13:17:14 **** Incremental Build of configuration Debug for project SkipList ****
make all 
Building file: ../SkipList.cpp
Invoking: GCC C++ Compiler
g++ -O0 -g3 -Wall -c -fmessage-length=0 -MMD -MP -MF"SkipList.d" -MT"SkipList.d" -o "SkipList.o" "../SkipList.cpp"
../SkipList.cpp: In member function ‘bool SkipList::remove()’:
../SkipList.cpp:97:1: warning: no return statement in function returning non-void [-Wreturn-type]
Finished building: ../SkipList.cpp
 
Building target: SkipList
Invoking: GCC C++ Linker
g++  -o "SkipList"  ./ListNode.o ./SkipList.o ./main.o   
Finished building target: SkipList
 
13:20:10 **** Incremental Build of configuration Debug for project SkipList ****
make all 
Building file: ../SkipList.cpp
Invoking: GCC C++ Compiler
g++ -O0 -g3 -Wall -c -fmessage-length=0 -MMD -MP -MF"SkipList.d" -MT"SkipList.d" -o "SkipList.o" "../SkipList.cpp"
../SkipList.cpp: In member function ‘bool SkipList::remove()’:
../SkipList.cpp:107:1: warning: no return statement in function returning non-void [-Wreturn-type]
Finished building: ../SkipList.cpp
 
Building target: SkipList
Invoking: GCC C++ Linker
g++  -o "SkipList"  ./ListNode.o ./SkipList.o ./main.o   
Finished building target: SkipList
 
13:20:48 **** Incremental Build of configuration Debug for project SkipList ****
make all 
make: Nothing to be done for `all'.
13:21:29 **** Incremental Build of configuration Debug for project SkipList ****
make all 
make: Nothing to be done for `all'.
13:24:52 **** Incremental Build of configuration Debug for project SkipList ****
make all 
Building file: ../SkipList.cpp
Invoking: GCC C++ Compiler
g++ -O0 -g3 -Wall -c -fmessage-length=0 -MMD -MP -MF"SkipList.d" -MT"SkipList.d" -o "SkipList.o" "../SkipList.cpp"
Finished building: ../SkipList.cpp
 
Building file: ../main.cpp
Invoking: GCC C++ Compiler
g++ -O0 -g3 -Wall -c -fmessage-length=0 -MMD -MP -MF"main.d" -MT"main.d" -o "main.o" "../main.cpp"
Finished building: ../main.cpp
 
Building target: SkipList
Invoking: GCC C++ Linker
g++  -o "SkipList"  ./ListNode.o ./SkipList.o ./main.o   
Finished building target: SkipList
 
13:30:02 **** Incremental Build of configuration Debug for project SkipList ****
make all 
Building file: ../main.cpp
Invoking: GCC C++ Compiler
g++ -O0 -g3 -Wall -c -fmessage-length=0 -MMD -MP -MF"main.d" -MT"main.d" -o "main.o" "../main.cpp"
Finished building: ../main.cpp
 
Building target: SkipList
Invoking: GCC C++ Linker
g++  -o "SkipList"  ./ListNode.o ./SkipList.o ./main.o   
Finished building target: SkipList
 
13:30:05 **** Incremental Build of configuration Debug for project SkipList ****
make all 
make: Nothing to be done for `all'.
13:30:27 **** Incremental Build of configuration Debug for project SkipList ****
make all 
make: Nothing to be done for `all'.
13:30:46 **** Incremental Build of configuration Debug for project SkipList ****
make all 
make: Nothing to be done for `all'.
13:32:10 **** Incremental Build of configuration Debug for project SkipList ****
make all 
make: Nothing to be done for `all'.
13:34:07 **** Incremental Build of configuration Debug for project SkipList ****
make all 
Building file: ../SkipList.cpp
Invoking: GCC C++ Compiler
g++ -O0 -g3 -Wall -c -fmessage-length=0 -MMD -MP -MF"SkipList.d" -MT"SkipList.d" -o "SkipList.o" "../SkipList.cpp"
Finished building: ../SkipList.cpp
 
Building target: SkipList
Invoking: GCC C++ Linker
g++  -o "SkipList"  ./ListNode.o ./SkipList.o ./main.o   
Finished building target: SkipList
 
13:34:11 **** Incremental Build of configuration Debug for project SkipList ****
make all 
make: Nothing to be done for `all'.
13:34:36 **** Incremental Build of configuration Debug for project SkipList ****
make all 
Building file: ../SkipList.cpp
Invoking: GCC C++ Compiler
g++ -O0 -g3 -Wall -c -fmessage-length=0 -MMD -MP -MF"SkipList.d" -MT"SkipList.d" -o "SkipList.o" "../SkipList.cpp"
Finished building: ../SkipList.cpp
 
Building target: SkipList
Invoking: GCC C++ Linker
g++  -o "SkipList"  ./ListNode.o ./SkipList.o ./main.o   
Finished building target: SkipList
 
13:35:00 **** Incremental Build of configuration Debug for project SkipList ****
make all 
make: Nothing to be done for `all'.
